%MSG-i EvFDaqDirector:  (NoModuleName) 05-Nov-2013 16:52:22 CET pre-events
creating filedesc for buwritelock 8
%MSG
%MSG-i EvFDaqDirector:  (NoModuleName) 05-Nov-2013 16:52:22 CET pre-events
creating filedesc for fureadwritelock 146
%MSG
%MSG-i EvFDaqDirector:  (NoModuleName) 05-Nov-2013 16:52:22 CET pre-events
Initializing FU LOCK FILE
%MSG
throttle thread started - throttle on 1
DaqFakeReader begin Lumi 1
 building throttle on /tmp/veverka/tmp.U8qiZRS1vX/data is 58.3755 %full 
Begin processing the 1st record. Run 100, Event 1, LumiSection 1 at 05-Nov-2013 16:52:22.342 CET
Begin processing the 2nd record. Run 100, Event 2, LumiSection 1 at 05-Nov-2013 16:52:22.363 CET
Begin processing the 3rd record. Run 100, Event 3, LumiSection 1 at 05-Nov-2013 16:52:22.377 CET
Begin processing the 4th record. Run 100, Event 4, LumiSection 1 at 05-Nov-2013 16:52:22.391 CET
Begin processing the 5th record. Run 100, Event 5, LumiSection 1 at 05-Nov-2013 16:52:22.402 CET
Begin processing the 6th record. Run 100, Event 6, LumiSection 1 at 05-Nov-2013 16:52:22.415 CET
Begin processing the 7th record. Run 100, Event 7, LumiSection 1 at 05-Nov-2013 16:52:22.428 CET
Begin processing the 8th record. Run 100, Event 8, LumiSection 1 at 05-Nov-2013 16:52:22.440 CET
Begin processing the 9th record. Run 100, Event 9, LumiSection 1 at 05-Nov-2013 16:52:22.453 CET
Begin processing the 10th record. Run 100, Event 10, LumiSection 1 at 05-Nov-2013 16:52:22.465 CET
Begin processing the 11th record. Run 100, Event 11, LumiSection 1 at 05-Nov-2013 16:52:22.477 CET
Begin processing the 12th record. Run 100, Event 12, LumiSection 1 at 05-Nov-2013 16:52:22.486 CET
Begin processing the 13th record. Run 100, Event 13, LumiSection 1 at 05-Nov-2013 16:52:22.498 CET
Begin processing the 14th record. Run 100, Event 14, LumiSection 1 at 05-Nov-2013 16:52:22.511 CET
Begin processing the 15th record. Run 100, Event 15, LumiSection 1 at 05-Nov-2013 16:52:22.522 CET
Begin processing the 16th record. Run 100, Event 16, LumiSection 1 at 05-Nov-2013 16:52:22.533 CET
Begin processing the 17th record. Run 100, Event 17, LumiSection 1 at 05-Nov-2013 16:52:22.544 CET
Begin processing the 18th record. Run 100, Event 18, LumiSection 1 at 05-Nov-2013 16:52:22.555 CET
Begin processing the 19th record. Run 100, Event 19, LumiSection 1 at 05-Nov-2013 16:52:22.567 CET
Begin processing the 20th record. Run 100, Event 20, LumiSection 1 at 05-Nov-2013 16:52:22.578 CET
Begin processing the 21st record. Run 100, Event 21, LumiSection 1 at 05-Nov-2013 16:52:22.590 CET
%MSG-i RawEventFileWriterForBU:  RawStreamFileWriterForBU:out  05-Nov-2013 16:52:22 CET Run: 100 Event: 21
 tried move /tmp/veverka/tmp.U8qiZRS1vX/data/run000100/open/run000100_ls0001_index000000.raw to /tmp/veverka/tmp.U8qiZRS1vX/data/run000100 status 0 errno Success
%MSG
%MSG-i RawEventFileWriterForBU:  RawStreamFileWriterForBU:out  05-Nov-2013 16:52:22 CET Run: 100 Event: 21
Wrote JSON input file: /tmp/veverka/tmp.U8qiZRS1vX/data/run000100/run000100_ls0001_index000000.jsn with perFileEventCount = 20
%MSG
Begin processing the 22nd record. Run 100, Event 22, LumiSection 1 at 05-Nov-2013 16:52:22.604 CET
Begin processing the 23rd record. Run 100, Event 23, LumiSection 1 at 05-Nov-2013 16:52:22.617 CET
Begin processing the 24th record. Run 100, Event 24, LumiSection 1 at 05-Nov-2013 16:52:22.628 CET
Begin processing the 25th record. Run 100, Event 25, LumiSection 1 at 05-Nov-2013 16:52:22.640 CET
Begin processing the 26th record. Run 100, Event 26, LumiSection 1 at 05-Nov-2013 16:52:22.651 CET
Begin processing the 27th record. Run 100, Event 27, LumiSection 1 at 05-Nov-2013 16:52:22.663 CET
Begin processing the 28th record. Run 100, Event 28, LumiSection 1 at 05-Nov-2013 16:52:22.676 CET
Begin processing the 29th record. Run 100, Event 29, LumiSection 1 at 05-Nov-2013 16:52:22.687 CET
Begin processing the 30th record. Run 100, Event 30, LumiSection 1 at 05-Nov-2013 16:52:22.699 CET
Begin processing the 31st record. Run 100, Event 31, LumiSection 1 at 05-Nov-2013 16:52:22.710 CET
Begin processing the 32nd record. Run 100, Event 32, LumiSection 1 at 05-Nov-2013 16:52:22.721 CET
Begin processing the 33rd record. Run 100, Event 33, LumiSection 1 at 05-Nov-2013 16:52:22.731 CET
Begin processing the 34th record. Run 100, Event 34, LumiSection 1 at 05-Nov-2013 16:52:22.744 CET
Begin processing the 35th record. Run 100, Event 35, LumiSection 1 at 05-Nov-2013 16:52:22.756 CET
Begin processing the 36th record. Run 100, Event 36, LumiSection 1 at 05-Nov-2013 16:52:22.768 CET
Begin processing the 37th record. Run 100, Event 37, LumiSection 1 at 05-Nov-2013 16:52:22.780 CET
Begin processing the 38th record. Run 100, Event 38, LumiSection 1 at 05-Nov-2013 16:52:22.792 CET
Begin processing the 39th record. Run 100, Event 39, LumiSection 1 at 05-Nov-2013 16:52:22.805 CET
Begin processing the 40th record. Run 100, Event 40, LumiSection 1 at 05-Nov-2013 16:52:22.816 CET
Begin processing the 41st record. Run 100, Event 41, LumiSection 1 at 05-Nov-2013 16:52:22.829 CET
%MSG-i RawEventFileWriterForBU:  RawStreamFileWriterForBU:out  05-Nov-2013 16:52:22 CET Run: 100 Event: 41
 tried move /tmp/veverka/tmp.U8qiZRS1vX/data/run000100/open/run000100_ls0001_index000001.raw to /tmp/veverka/tmp.U8qiZRS1vX/data/run000100 status 0 errno Success
%MSG
%MSG-i RawEventFileWriterForBU:  RawStreamFileWriterForBU:out  05-Nov-2013 16:52:22 CET Run: 100 Event: 41
Wrote JSON input file: /tmp/veverka/tmp.U8qiZRS1vX/data/run000100/run000100_ls0001_index000001.jsn with perFileEventCount = 20
%MSG
Begin processing the 42nd record. Run 100, Event 42, LumiSection 1 at 05-Nov-2013 16:52:22.841 CET
Begin processing the 43rd record. Run 100, Event 43, LumiSection 1 at 05-Nov-2013 16:52:22.853 CET
Begin processing the 44th record. Run 100, Event 44, LumiSection 1 at 05-Nov-2013 16:52:22.865 CET
Begin processing the 45th record. Run 100, Event 45, LumiSection 1 at 05-Nov-2013 16:52:22.876 CET
Begin processing the 46th record. Run 100, Event 46, LumiSection 1 at 05-Nov-2013 16:52:22.888 CET
Begin processing the 47th record. Run 100, Event 47, LumiSection 1 at 05-Nov-2013 16:52:22.900 CET
Begin processing the 48th record. Run 100, Event 48, LumiSection 1 at 05-Nov-2013 16:52:22.912 CET
Begin processing the 49th record. Run 100, Event 49, LumiSection 1 at 05-Nov-2013 16:52:22.929 CET
Begin processing the 50th record. Run 100, Event 50, LumiSection 1 at 05-Nov-2013 16:52:22.941 CET
Begin processing the 51st record. Run 100, Event 51, LumiSection 1 at 05-Nov-2013 16:52:22.954 CET
Begin processing the 52nd record. Run 100, Event 52, LumiSection 1 at 05-Nov-2013 16:52:22.968 CET
Begin processing the 53rd record. Run 100, Event 53, LumiSection 1 at 05-Nov-2013 16:52:22.980 CET
Begin processing the 54th record. Run 100, Event 54, LumiSection 1 at 05-Nov-2013 16:52:22.994 CET
Begin processing the 55th record. Run 100, Event 55, LumiSection 1 at 05-Nov-2013 16:52:23.012 CET
Begin processing the 56th record. Run 100, Event 56, LumiSection 1 at 05-Nov-2013 16:52:23.028 CET
Begin processing the 57th record. Run 100, Event 57, LumiSection 1 at 05-Nov-2013 16:52:23.045 CET
Begin processing the 58th record. Run 100, Event 58, LumiSection 1 at 05-Nov-2013 16:52:23.057 CET
Begin processing the 59th record. Run 100, Event 59, LumiSection 1 at 05-Nov-2013 16:52:23.072 CET
Begin processing the 60th record. Run 100, Event 60, LumiSection 1 at 05-Nov-2013 16:52:23.087 CET
Begin processing the 61st record. Run 100, Event 61, LumiSection 1 at 05-Nov-2013 16:52:23.101 CET
%MSG-i RawEventFileWriterForBU:  RawStreamFileWriterForBU:out  05-Nov-2013 16:52:23 CET Run: 100 Event: 61
 tried move /tmp/veverka/tmp.U8qiZRS1vX/data/run000100/open/run000100_ls0001_index000002.raw to /tmp/veverka/tmp.U8qiZRS1vX/data/run000100 status 0 errno Success
%MSG
%MSG-i RawEventFileWriterForBU:  RawStreamFileWriterForBU:out  05-Nov-2013 16:52:23 CET Run: 100 Event: 61
Wrote JSON input file: /tmp/veverka/tmp.U8qiZRS1vX/data/run000100/run000100_ls0001_index000002.jsn with perFileEventCount = 20
%MSG
Begin processing the 62nd record. Run 100, Event 62, LumiSection 1 at 05-Nov-2013 16:52:23.115 CET
Begin processing the 63rd record. Run 100, Event 63, LumiSection 1 at 05-Nov-2013 16:52:23.132 CET
Begin processing the 64th record. Run 100, Event 64, LumiSection 1 at 05-Nov-2013 16:52:23.145 CET
Begin processing the 65th record. Run 100, Event 65, LumiSection 1 at 05-Nov-2013 16:52:23.157 CET
Begin processing the 66th record. Run 100, Event 66, LumiSection 1 at 05-Nov-2013 16:52:23.170 CET
Begin processing the 67th record. Run 100, Event 67, LumiSection 1 at 05-Nov-2013 16:52:23.184 CET
Begin processing the 68th record. Run 100, Event 68, LumiSection 1 at 05-Nov-2013 16:52:23.197 CET
Begin processing the 69th record. Run 100, Event 69, LumiSection 1 at 05-Nov-2013 16:52:23.214 CET
Begin processing the 70th record. Run 100, Event 70, LumiSection 1 at 05-Nov-2013 16:52:23.233 CET
Begin processing the 71st record. Run 100, Event 71, LumiSection 1 at 05-Nov-2013 16:52:23.248 CET
Begin processing the 72nd record. Run 100, Event 72, LumiSection 1 at 05-Nov-2013 16:52:23.268 CET
Begin processing the 73rd record. Run 100, Event 73, LumiSection 1 at 05-Nov-2013 16:52:23.281 CET
Begin processing the 74th record. Run 100, Event 74, LumiSection 1 at 05-Nov-2013 16:52:23.295 CET
Begin processing the 75th record. Run 100, Event 75, LumiSection 1 at 05-Nov-2013 16:52:23.308 CET
Begin processing the 76th record. Run 100, Event 76, LumiSection 1 at 05-Nov-2013 16:52:23.320 CET
Begin processing the 77th record. Run 100, Event 77, LumiSection 1 at 05-Nov-2013 16:52:23.334 CET
 building throttle on /tmp/veverka/tmp.U8qiZRS1vX/data is 58.4115 %full 
Begin processing the 78th record. Run 100, Event 78, LumiSection 1 at 05-Nov-2013 16:52:23.348 CET
Begin processing the 79th record. Run 100, Event 79, LumiSection 1 at 05-Nov-2013 16:52:23.363 CET
Begin processing the 80th record. Run 100, Event 80, LumiSection 1 at 05-Nov-2013 16:52:23.377 CET
Begin processing the 81st record. Run 100, Event 81, LumiSection 1 at 05-Nov-2013 16:52:23.393 CET
%MSG-i RawEventFileWriterForBU:  RawStreamFileWriterForBU:out  05-Nov-2013 16:52:23 CET Run: 100 Event: 81
 tried move /tmp/veverka/tmp.U8qiZRS1vX/data/run000100/open/run000100_ls0001_index000003.raw to /tmp/veverka/tmp.U8qiZRS1vX/data/run000100 status 0 errno Success
%MSG
%MSG-i RawEventFileWriterForBU:  RawStreamFileWriterForBU:out  05-Nov-2013 16:52:23 CET Run: 100 Event: 81
Wrote JSON input file: /tmp/veverka/tmp.U8qiZRS1vX/data/run000100/run000100_ls0001_index000003.jsn with perFileEventCount = 20
%MSG
Begin processing the 82nd record. Run 100, Event 82, LumiSection 1 at 05-Nov-2013 16:52:23.409 CET
Begin processing the 83rd record. Run 100, Event 83, LumiSection 1 at 05-Nov-2013 16:52:23.425 CET
Begin processing the 84th record. Run 100, Event 84, LumiSection 1 at 05-Nov-2013 16:52:23.438 CET
Begin processing the 85th record. Run 100, Event 85, LumiSection 1 at 05-Nov-2013 16:52:23.451 CET
Begin processing the 86th record. Run 100, Event 86, LumiSection 1 at 05-Nov-2013 16:52:23.465 CET
Begin processing the 87th record. Run 100, Event 87, LumiSection 1 at 05-Nov-2013 16:52:23.480 CET
Begin processing the 88th record. Run 100, Event 88, LumiSection 1 at 05-Nov-2013 16:52:23.493 CET
Begin processing the 89th record. Run 100, Event 89, LumiSection 1 at 05-Nov-2013 16:52:23.506 CET
Begin processing the 90th record. Run 100, Event 90, LumiSection 1 at 05-Nov-2013 16:52:23.518 CET
Begin processing the 91st record. Run 100, Event 91, LumiSection 1 at 05-Nov-2013 16:52:23.528 CET
Begin processing the 92nd record. Run 100, Event 92, LumiSection 1 at 05-Nov-2013 16:52:23.541 CET
Begin processing the 93rd record. Run 100, Event 93, LumiSection 1 at 05-Nov-2013 16:52:23.555 CET
Begin processing the 94th record. Run 100, Event 94, LumiSection 1 at 05-Nov-2013 16:52:23.566 CET
Begin processing the 95th record. Run 100, Event 95, LumiSection 1 at 05-Nov-2013 16:52:23.578 CET
Begin processing the 96th record. Run 100, Event 96, LumiSection 1 at 05-Nov-2013 16:52:23.590 CET
Begin processing the 97th record. Run 100, Event 97, LumiSection 1 at 05-Nov-2013 16:52:23.603 CET
Begin processing the 98th record. Run 100, Event 98, LumiSection 1 at 05-Nov-2013 16:52:23.617 CET
Begin processing the 99th record. Run 100, Event 99, LumiSection 1 at 05-Nov-2013 16:52:23.634 CET
Begin processing the 100th record. Run 100, Event 100, LumiSection 1 at 05-Nov-2013 16:52:23.648 CET
Begin processing the 101st record. Run 100, Event 101, LumiSection 1 at 05-Nov-2013 16:52:23.661 CET
%MSG-i RawEventFileWriterForBU:  RawStreamFileWriterForBU:out  05-Nov-2013 16:52:23 CET Run: 100 Event: 101
 tried move /tmp/veverka/tmp.U8qiZRS1vX/data/run000100/open/run000100_ls0001_index000004.raw to /tmp/veverka/tmp.U8qiZRS1vX/data/run000100 status 0 errno Success
%MSG
%MSG-i RawEventFileWriterForBU:  RawStreamFileWriterForBU:out  05-Nov-2013 16:52:23 CET Run: 100 Event: 101
Wrote JSON input file: /tmp/veverka/tmp.U8qiZRS1vX/data/run000100/run000100_ls0001_index000004.jsn with perFileEventCount = 20
%MSG
Begin processing the 102nd record. Run 100, Event 102, LumiSection 1 at 05-Nov-2013 16:52:23.676 CET
Begin processing the 103rd record. Run 100, Event 103, LumiSection 1 at 05-Nov-2013 16:52:23.689 CET
Begin processing the 104th record. Run 100, Event 104, LumiSection 1 at 05-Nov-2013 16:52:23.702 CET
Begin processing the 105th record. Run 100, Event 105, LumiSection 1 at 05-Nov-2013 16:52:23.716 CET
Begin processing the 106th record. Run 100, Event 106, LumiSection 1 at 05-Nov-2013 16:52:23.730 CET
Begin processing the 107th record. Run 100, Event 107, LumiSection 1 at 05-Nov-2013 16:52:23.740 CET
Begin processing the 108th record. Run 100, Event 108, LumiSection 1 at 05-Nov-2013 16:52:23.752 CET
Begin processing the 109th record. Run 100, Event 109, LumiSection 1 at 05-Nov-2013 16:52:23.766 CET
Begin processing the 110th record. Run 100, Event 110, LumiSection 1 at 05-Nov-2013 16:52:23.781 CET
Begin processing the 111th record. Run 100, Event 111, LumiSection 1 at 05-Nov-2013 16:52:23.796 CET
Begin processing the 112th record. Run 100, Event 112, LumiSection 1 at 05-Nov-2013 16:52:23.807 CET
Begin processing the 113th record. Run 100, Event 113, LumiSection 1 at 05-Nov-2013 16:52:23.822 CET
Begin processing the 114th record. Run 100, Event 114, LumiSection 1 at 05-Nov-2013 16:52:23.837 CET
Begin processing the 115th record. Run 100, Event 115, LumiSection 1 at 05-Nov-2013 16:52:23.850 CET
Begin processing the 116th record. Run 100, Event 116, LumiSection 1 at 05-Nov-2013 16:52:23.861 CET
Begin processing the 117th record. Run 100, Event 117, LumiSection 1 at 05-Nov-2013 16:52:23.875 CET
Begin processing the 118th record. Run 100, Event 118, LumiSection 1 at 05-Nov-2013 16:52:23.887 CET
Begin processing the 119th record. Run 100, Event 119, LumiSection 1 at 05-Nov-2013 16:52:23.901 CET
Begin processing the 120th record. Run 100, Event 120, LumiSection 1 at 05-Nov-2013 16:52:23.914 CET
Begin processing the 121st record. Run 100, Event 121, LumiSection 1 at 05-Nov-2013 16:52:23.927 CET
%MSG-i RawEventFileWriterForBU:  RawStreamFileWriterForBU:out  05-Nov-2013 16:52:23 CET Run: 100 Event: 121
 tried move /tmp/veverka/tmp.U8qiZRS1vX/data/run000100/open/run000100_ls0001_index000005.raw to /tmp/veverka/tmp.U8qiZRS1vX/data/run000100 status 0 errno Success
%MSG
%MSG-i RawEventFileWriterForBU:  RawStreamFileWriterForBU:out  05-Nov-2013 16:52:23 CET Run: 100 Event: 121
Wrote JSON input file: /tmp/veverka/tmp.U8qiZRS1vX/data/run000100/run000100_ls0001_index000005.jsn with perFileEventCount = 20
%MSG
Begin processing the 122nd record. Run 100, Event 122, LumiSection 1 at 05-Nov-2013 16:52:23.940 CET
Begin processing the 123rd record. Run 100, Event 123, LumiSection 1 at 05-Nov-2013 16:52:23.953 CET
Begin processing the 124th record. Run 100, Event 124, LumiSection 1 at 05-Nov-2013 16:52:23.967 CET
Begin processing the 125th record. Run 100, Event 125, LumiSection 1 at 05-Nov-2013 16:52:23.980 CET
Begin processing the 126th record. Run 100, Event 126, LumiSection 1 at 05-Nov-2013 16:52:23.995 CET
Begin processing the 127th record. Run 100, Event 127, LumiSection 1 at 05-Nov-2013 16:52:24.009 CET
Begin processing the 128th record. Run 100, Event 128, LumiSection 1 at 05-Nov-2013 16:52:24.022 CET
Begin processing the 129th record. Run 100, Event 129, LumiSection 1 at 05-Nov-2013 16:52:24.036 CET
Begin processing the 130th record. Run 100, Event 130, LumiSection 1 at 05-Nov-2013 16:52:24.049 CET
Begin processing the 131st record. Run 100, Event 131, LumiSection 1 at 05-Nov-2013 16:52:24.062 CET
Begin processing the 132nd record. Run 100, Event 132, LumiSection 1 at 05-Nov-2013 16:52:24.087 CET
Begin processing the 133rd record. Run 100, Event 133, LumiSection 1 at 05-Nov-2013 16:52:24.102 CET
Begin processing the 134th record. Run 100, Event 134, LumiSection 1 at 05-Nov-2013 16:52:24.109 CET
Begin processing the 135th record. Run 100, Event 135, LumiSection 1 at 05-Nov-2013 16:52:24.123 CET
Begin processing the 136th record. Run 100, Event 136, LumiSection 1 at 05-Nov-2013 16:52:24.134 CET
Begin processing the 137th record. Run 100, Event 137, LumiSection 1 at 05-Nov-2013 16:52:24.148 CET
Begin processing the 138th record. Run 100, Event 138, LumiSection 1 at 05-Nov-2013 16:52:24.162 CET
Begin processing the 139th record. Run 100, Event 139, LumiSection 1 at 05-Nov-2013 16:52:24.178 CET
Begin processing the 140th record. Run 100, Event 140, LumiSection 1 at 05-Nov-2013 16:52:24.190 CET
Begin processing the 141st record. Run 100, Event 141, LumiSection 1 at 05-Nov-2013 16:52:24.201 CET
%MSG-i RawEventFileWriterForBU:  RawStreamFileWriterForBU:out  05-Nov-2013 16:52:24 CET Run: 100 Event: 141
 tried move /tmp/veverka/tmp.U8qiZRS1vX/data/run000100/open/run000100_ls0001_index000006.raw to /tmp/veverka/tmp.U8qiZRS1vX/data/run000100 status 0 errno Success
%MSG
%MSG-i RawEventFileWriterForBU:  RawStreamFileWriterForBU:out  05-Nov-2013 16:52:24 CET Run: 100 Event: 141
Wrote JSON input file: /tmp/veverka/tmp.U8qiZRS1vX/data/run000100/run000100_ls0001_index000006.jsn with perFileEventCount = 20
%MSG
Begin processing the 142nd record. Run 100, Event 142, LumiSection 1 at 05-Nov-2013 16:52:24.214 CET
Begin processing the 143rd record. Run 100, Event 143, LumiSection 1 at 05-Nov-2013 16:52:24.229 CET
Begin processing the 144th record. Run 100, Event 144, LumiSection 1 at 05-Nov-2013 16:52:24.242 CET
Begin processing the 145th record. Run 100, Event 145, LumiSection 1 at 05-Nov-2013 16:52:24.255 CET
Begin processing the 146th record. Run 100, Event 146, LumiSection 1 at 05-Nov-2013 16:52:24.268 CET
Begin processing the 147th record. Run 100, Event 147, LumiSection 1 at 05-Nov-2013 16:52:24.281 CET
Begin processing the 148th record. Run 100, Event 148, LumiSection 1 at 05-Nov-2013 16:52:24.295 CET
Begin processing the 149th record. Run 100, Event 149, LumiSection 1 at 05-Nov-2013 16:52:24.309 CET
Begin processing the 150th record. Run 100, Event 150, LumiSection 1 at 05-Nov-2013 16:52:24.324 CET
Begin processing the 151st record. Run 100, Event 151, LumiSection 1 at 05-Nov-2013 16:52:24.336 CET
 building throttle on /tmp/veverka/tmp.U8qiZRS1vX/data is 58.4466 %full 
Begin processing the 152nd record. Run 100, Event 152, LumiSection 1 at 05-Nov-2013 16:52:24.351 CET
Begin processing the 153rd record. Run 100, Event 153, LumiSection 1 at 05-Nov-2013 16:52:24.364 CET
Begin processing the 154th record. Run 100, Event 154, LumiSection 1 at 05-Nov-2013 16:52:24.379 CET
Begin processing the 155th record. Run 100, Event 155, LumiSection 1 at 05-Nov-2013 16:52:24.393 CET
Begin processing the 156th record. Run 100, Event 156, LumiSection 1 at 05-Nov-2013 16:52:24.406 CET
Begin processing the 157th record. Run 100, Event 157, LumiSection 1 at 05-Nov-2013 16:52:24.418 CET
Begin processing the 158th record. Run 100, Event 158, LumiSection 1 at 05-Nov-2013 16:52:24.432 CET
Begin processing the 159th record. Run 100, Event 159, LumiSection 1 at 05-Nov-2013 16:52:24.444 CET
Begin processing the 160th record. Run 100, Event 160, LumiSection 1 at 05-Nov-2013 16:52:24.455 CET
Begin processing the 161st record. Run 100, Event 161, LumiSection 1 at 05-Nov-2013 16:52:24.470 CET
%MSG-i RawEventFileWriterForBU:  RawStreamFileWriterForBU:out  05-Nov-2013 16:52:24 CET Run: 100 Event: 161
 tried move /tmp/veverka/tmp.U8qiZRS1vX/data/run000100/open/run000100_ls0001_index000007.raw to /tmp/veverka/tmp.U8qiZRS1vX/data/run000100 status 0 errno Success
%MSG
%MSG-i RawEventFileWriterForBU:  RawStreamFileWriterForBU:out  05-Nov-2013 16:52:24 CET Run: 100 Event: 161
Wrote JSON input file: /tmp/veverka/tmp.U8qiZRS1vX/data/run000100/run000100_ls0001_index000007.jsn with perFileEventCount = 20
%MSG
Begin processing the 162nd record. Run 100, Event 162, LumiSection 1 at 05-Nov-2013 16:52:24.482 CET
Begin processing the 163rd record. Run 100, Event 163, LumiSection 1 at 05-Nov-2013 16:52:24.495 CET
Begin processing the 164th record. Run 100, Event 164, LumiSection 1 at 05-Nov-2013 16:52:24.507 CET
Begin processing the 165th record. Run 100, Event 165, LumiSection 1 at 05-Nov-2013 16:52:24.518 CET
Begin processing the 166th record. Run 100, Event 166, LumiSection 1 at 05-Nov-2013 16:52:24.536 CET
Begin processing the 167th record. Run 100, Event 167, LumiSection 1 at 05-Nov-2013 16:52:24.547 CET
Begin processing the 168th record. Run 100, Event 168, LumiSection 1 at 05-Nov-2013 16:52:24.557 CET
Begin processing the 169th record. Run 100, Event 169, LumiSection 1 at 05-Nov-2013 16:52:24.567 CET
Begin processing the 170th record. Run 100, Event 170, LumiSection 1 at 05-Nov-2013 16:52:24.579 CET
Begin processing the 171st record. Run 100, Event 171, LumiSection 1 at 05-Nov-2013 16:52:24.591 CET
Begin processing the 172nd record. Run 100, Event 172, LumiSection 1 at 05-Nov-2013 16:52:24.602 CET
Begin processing the 173rd record. Run 100, Event 173, LumiSection 1 at 05-Nov-2013 16:52:24.614 CET
Begin processing the 174th record. Run 100, Event 174, LumiSection 1 at 05-Nov-2013 16:52:24.626 CET
Begin processing the 175th record. Run 100, Event 175, LumiSection 1 at 05-Nov-2013 16:52:24.639 CET
Begin processing the 176th record. Run 100, Event 176, LumiSection 1 at 05-Nov-2013 16:52:24.656 CET
Begin processing the 177th record. Run 100, Event 177, LumiSection 1 at 05-Nov-2013 16:52:24.665 CET
Begin processing the 178th record. Run 100, Event 178, LumiSection 1 at 05-Nov-2013 16:52:24.678 CET
Begin processing the 179th record. Run 100, Event 179, LumiSection 1 at 05-Nov-2013 16:52:24.691 CET
Begin processing the 180th record. Run 100, Event 180, LumiSection 1 at 05-Nov-2013 16:52:24.706 CET
Begin processing the 181st record. Run 100, Event 181, LumiSection 1 at 05-Nov-2013 16:52:24.719 CET
%MSG-i RawEventFileWriterForBU:  RawStreamFileWriterForBU:out  05-Nov-2013 16:52:24 CET Run: 100 Event: 181
 tried move /tmp/veverka/tmp.U8qiZRS1vX/data/run000100/open/run000100_ls0001_index000008.raw to /tmp/veverka/tmp.U8qiZRS1vX/data/run000100 status 0 errno Success
%MSG
%MSG-i RawEventFileWriterForBU:  RawStreamFileWriterForBU:out  05-Nov-2013 16:52:24 CET Run: 100 Event: 181
Wrote JSON input file: /tmp/veverka/tmp.U8qiZRS1vX/data/run000100/run000100_ls0001_index000008.jsn with perFileEventCount = 20
%MSG
Begin processing the 182nd record. Run 100, Event 182, LumiSection 1 at 05-Nov-2013 16:52:24.733 CET
Begin processing the 183rd record. Run 100, Event 183, LumiSection 1 at 05-Nov-2013 16:52:24.744 CET
Begin processing the 184th record. Run 100, Event 184, LumiSection 1 at 05-Nov-2013 16:52:24.757 CET
Begin processing the 185th record. Run 100, Event 185, LumiSection 1 at 05-Nov-2013 16:52:24.770 CET
Begin processing the 186th record. Run 100, Event 186, LumiSection 1 at 05-Nov-2013 16:52:24.782 CET
Begin processing the 187th record. Run 100, Event 187, LumiSection 1 at 05-Nov-2013 16:52:24.793 CET
Begin processing the 188th record. Run 100, Event 188, LumiSection 1 at 05-Nov-2013 16:52:24.807 CET
Begin processing the 189th record. Run 100, Event 189, LumiSection 1 at 05-Nov-2013 16:52:24.820 CET
Begin processing the 190th record. Run 100, Event 190, LumiSection 1 at 05-Nov-2013 16:52:24.833 CET
Begin processing the 191st record. Run 100, Event 191, LumiSection 1 at 05-Nov-2013 16:52:24.845 CET
Begin processing the 192nd record. Run 100, Event 192, LumiSection 1 at 05-Nov-2013 16:52:24.862 CET
Begin processing the 193rd record. Run 100, Event 193, LumiSection 1 at 05-Nov-2013 16:52:24.876 CET
Begin processing the 194th record. Run 100, Event 194, LumiSection 1 at 05-Nov-2013 16:52:24.891 CET
Begin processing the 195th record. Run 100, Event 195, LumiSection 1 at 05-Nov-2013 16:52:24.907 CET
Begin processing the 196th record. Run 100, Event 196, LumiSection 1 at 05-Nov-2013 16:52:24.925 CET
Begin processing the 197th record. Run 100, Event 197, LumiSection 1 at 05-Nov-2013 16:52:24.941 CET
Begin processing the 198th record. Run 100, Event 198, LumiSection 1 at 05-Nov-2013 16:52:24.953 CET
Begin processing the 199th record. Run 100, Event 199, LumiSection 1 at 05-Nov-2013 16:52:24.966 CET
Begin processing the 200th record. Run 100, Event 200, LumiSection 1 at 05-Nov-2013 16:52:24.980 CET
Begin processing the 201st record. Run 100, Event 201, LumiSection 1 at 05-Nov-2013 16:52:24.993 CET
%MSG-i RawEventFileWriterForBU:  RawStreamFileWriterForBU:out  05-Nov-2013 16:52:25 CET Run: 100 Event: 201
 tried move /tmp/veverka/tmp.U8qiZRS1vX/data/run000100/open/run000100_ls0001_index000009.raw to /tmp/veverka/tmp.U8qiZRS1vX/data/run000100 status 0 errno Success
%MSG
%MSG-i RawEventFileWriterForBU:  RawStreamFileWriterForBU:out  05-Nov-2013 16:52:25 CET Run: 100 Event: 201
Wrote JSON input file: /tmp/veverka/tmp.U8qiZRS1vX/data/run000100/run000100_ls0001_index000009.jsn with perFileEventCount = 20
%MSG
Begin processing the 202nd record. Run 100, Event 202, LumiSection 1 at 05-Nov-2013 16:52:25.006 CET
Begin processing the 203rd record. Run 100, Event 203, LumiSection 1 at 05-Nov-2013 16:52:25.019 CET
Begin processing the 204th record. Run 100, Event 204, LumiSection 1 at 05-Nov-2013 16:52:25.031 CET
Begin processing the 205th record. Run 100, Event 205, LumiSection 1 at 05-Nov-2013 16:52:25.044 CET
Begin processing the 206th record. Run 100, Event 206, LumiSection 1 at 05-Nov-2013 16:52:25.055 CET
Begin processing the 207th record. Run 100, Event 207, LumiSection 1 at 05-Nov-2013 16:52:25.069 CET
Begin processing the 208th record. Run 100, Event 208, LumiSection 1 at 05-Nov-2013 16:52:25.082 CET
